-------------------------------------------------------------------------------
Test set: ua.traficsystem.webdriver.LoginTest
-------------------------------------------------------------------------------
Tests run: 1, Failures: 0, Errors: 1, Skipped: 0, Time elapsed: 74.081 sec <<< FAILURE!
startWebDriver(ua.traficsystem.webdriver.LoginTest)  Time elapsed: 74 sec  <<< ERROR!
org.openqa.selenium.WebDriverException: Failed to connect to binary FirefoxBinary(C:\Program Files (x86)\Mozilla Firefox\firefox.exe) on port 7055; process output follows: 
t@mozilla.org":{"d":"C:\\Program Files (x86)\\Mozilla Firefox\\browser\\features\\e10srollout@mozilla.org.xpi","e":true,"v":"1.2","st":1474876435556},"firefox@getpocket.com":{"d":"C:\\Program Files (x86)\\Mozilla Firefox\\browser\\features\\firefox@getpocket.com.xpi","e":true,"v":"1.0.4","st":1474876435556},"webcompat@mozilla.org":{"d":"C:\\Program Files (x86)\\Mozilla Firefox\\browser\\features\\webcompat@mozilla.org.xpi","e":true,"v":"1.0","st":1474876435966}},"app-global":{"{972ce4c6-7e08-4474-a285-3208198ce6fd}":{"d":"C:\\Program Files (x86)\\Mozilla Firefox\\browser\\extensions\\{972ce4c6-7e08-4474-a285-3208198ce6fd}.xpi","e":true,"v":"49.0.1","st":1474876435566}},"winreg-app-global":{"wrc@avast.com":{"d":"C:\\Program Files\\AVAST Software\\Avast\\WebRep\\FF","e":false,"v":"12.0.88","st":1473415455917,"mt":1473415438267},"sp@avast.com":{"d":"C:\\Program Files\\AVAST Software\\Avast\\SafePrice\\FF","e":false,"v":"10.3.5.39","st":1473415455827,"mt":1473415436557}}}
1476098634220	addons.xpi	DEBUG	No changes found
1476098634254	addons.xpi	DEBUG	Registering manifest for C:\Program Files (x86)\Mozilla Firefox\browser\features\e10srollout@mozilla.org.xpi
1476098634344	addons.xpi	DEBUG	Loading bootstrap scope from C:\Program Files (x86)\Mozilla Firefox\browser\features\e10srollout@mozilla.org.xpi
1476098634388	addons.xpi	DEBUG	Calling bootstrap method startup on e10srollout@mozilla.org version 1.2
1476098634389	addons.xpi	DEBUG	Registering manifest for C:\Program Files (x86)\Mozilla Firefox\browser\features\firefox@getpocket.com.xpi
1476098634480	addons.xpi	DEBUG	Loading bootstrap scope from C:\Program Files (x86)\Mozilla Firefox\browser\features\firefox@getpocket.com.xpi
1476098634487	addons.xpi	DEBUG	Calling bootstrap method startup on firefox@getpocket.com version 1.0.4
1476098634529	addons.xpi-utils	DEBUG	Starting async load of XPI database C:\Users\KUKUSH~1\AppData\Local\Temp\anonymous281076279563816113webdriver-profile\extensions.json
1476098634530	addons.xpi	DEBUG	Registering manifest for C:\Program Files (x86)\Mozilla Firefox\browser\features\webcompat@mozilla.org.xpi
1476098634531	addons.xpi	DEBUG	Loading bootstrap scope from C:\Program Files (x86)\Mozilla Firefox\browser\features\webcompat@mozilla.org.xpi
1476098634534	addons.xpi	DEBUG	Calling bootstrap method startup on webcompat@mozilla.org version 1.0
1476098634537	addons.manager	DEBUG	Registering shutdown blocker for XPIProvider
1476098634537	addons.manager	DEBUG	Provider finished startup: XPIProvider
1476098634537	addons.manager	DEBUG	Starting provider: LightweightThemeManager
1476098634538	addons.manager	DEBUG	Registering shutdown blocker for LightweightThemeManager
1476098634538	addons.manager	DEBUG	Provider finished startup: LightweightThemeManager
1476098634538	addons.manager	DEBUG	Starting provider: GMPProvider
1476098634551	addons.manager	DEBUG	Registering shutdown blocker for GMPProvider
1476098634551	addons.manager	DEBUG	Provider finished startup: GMPProvider
1476098634552	addons.manager	DEBUG	Starting provider: PluginProvider
1476098634552	addons.manager	DEBUG	Registering shutdown blocker for PluginProvider
1476098634553	addons.manager	DEBUG	Provider finished startup: PluginProvider
1476098634554	addons.manager	DEBUG	Completed startup sequence
1476098636987	addons.xpi-utils	DEBUG	Async JSON file read took 0 MS
1476098636987	addons.xpi-utils	DEBUG	Finished async read of XPI database, parsing...
1476098636990	addons.xpi-utils	DEBUG	Successfully read XPI database
1476098637002	addons.manager	DEBUG	Starting provider: <unnamed-provider>
1476098637002	addons.manager	DEBUG	Registering shutdown blocker for <unnamed-provider>
1476098637003	addons.manager	DEBUG	Provider finished startup: <unnamed-provider>
*** Blocklist::_loadBlocklistFromFile: blocklist is disabled
1476098637951	addons.manager	DEBUG	Starting provider: PreviousExperimentProvider
1476098637951	addons.manager	DEBUG	Registering shutdown blocker for PreviousExperimentProvider
1476098637952	addons.manager	DEBUG	Provider finished startup: PreviousExperimentProvider

Build info: version: '2.39.0', revision: '14fa800511cc5d66d426e08b0b2ab926c7ed7398', time: '2013-12-16 13:18:38'
System info: host: 'mkukushkin-i5', ip: '192.168.56.1', os.name: 'Windows 7', os.arch: 'amd64', os.version: '6.1', java.version: '1.8.0_91'
Driver info: driver.version: FirefoxDriver
	at org.openqa.selenium.firefox.internal.NewProfileExtensionConnection.start(NewProfileExtensionConnection.java:130)
	at org.openqa.selenium.firefox.FirefoxDriver.startClient(FirefoxDriver.java:250)
	at org.openqa.selenium.remote.RemoteWebDriver.<init>(RemoteWebDriver.java:110)
	at org.openqa.selenium.firefox.FirefoxDriver.<init>(FirefoxDriver.java:195)
	at org.openqa.selenium.firefox.FirefoxDriver.<init>(FirefoxDriver.java:190)
	at org.openqa.selenium.firefox.FirefoxDriver.<init>(FirefoxDriver.java:186)
	at org.openqa.selenium.firefox.FirefoxDriver.<init>(FirefoxDriver.java:99)
	at ua.traficsystem.webdriver.LoginTest.startWebDriver(LoginTest.java:12)
	at sun.reflect.NativeMethodAccessorImpl.invoke0(Native Method)
	at sun.reflect.NativeMethodAccessorImpl.invoke(NativeMethodAccessorImpl.java:62)
	at sun.reflect.DelegatingMethodAccessorImpl.invoke(DelegatingMethodAccessorImpl.java:43)
	at java.lang.reflect.Method.invoke(Method.java:498)
	at org.junit.runners.model.FrameworkMethod$1.runReflectiveCall(FrameworkMethod.java:47)
	at org.junit.internal.runners.model.ReflectiveCallable.run(ReflectiveCallable.java:12)
	at org.junit.runners.model.FrameworkMethod.invokeExplosively(FrameworkMethod.java:44)
	at org.junit.internal.runners.statements.InvokeMethod.evaluate(InvokeMethod.java:17)
	at org.junit.runners.ParentRunner.runLeaf(ParentRunner.java:271)
	at org.junit.runners.BlockJUnit4ClassRunner.runChild(BlockJUnit4ClassRunner.java:70)
	at org.junit.runners.BlockJUnit4ClassRunner.runChild(BlockJUnit4ClassRunner.java:50)
	at org.junit.runners.ParentRunner$3.run(ParentRunner.java:238)
	at org.junit.runners.ParentRunner$1.schedule(ParentRunner.java:63)
	at org.junit.runners.ParentRunner.runChildren(ParentRunner.java:236)
	at org.junit.runners.ParentRunner.access$000(ParentRunner.java:53)
	at org.junit.runners.ParentRunner$2.evaluate(ParentRunner.java:229)
	at org.junit.runners.ParentRunner.run(ParentRunner.java:309)
	at org.apache.maven.surefire.junit4.JUnit4TestSet.execute(JUnit4TestSet.java:53)
	at org.apache.maven.surefire.junit4.JUnit4Provider.executeTestSet(JUnit4Provider.java:123)
	at org.apache.maven.surefire.junit4.JUnit4Provider.invoke(JUnit4Provider.java:104)
	at sun.reflect.NativeMethodAccessorImpl.invoke0(Native Method)
	at sun.reflect.NativeMethodAccessorImpl.invoke(NativeMethodAccessorImpl.java:62)
	at sun.reflect.DelegatingMethodAccessorImpl.invoke(DelegatingMethodAccessorImpl.java:43)
	at java.lang.reflect.Method.invoke(Method.java:498)
	at org.apache.maven.surefire.util.ReflectionUtils.invokeMethodWithArray(ReflectionUtils.java:164)
	at org.apache.maven.surefire.booter.ProviderFactory$ProviderProxy.invoke(ProviderFactory.java:110)
	at org.apache.maven.surefire.booter.SurefireStarter.invokeProvider(SurefireStarter.java:175)
	at org.apache.maven.surefire.booter.SurefireStarter.runSuitesInProcessWhenForked(SurefireStarter.java:107)
	at org.apache.maven.surefire.booter.ForkedBooter.main(ForkedBooter.java:68)
Caused by: org.openqa.selenium.firefox.NotConnectedException: Unable to connect to host 127.0.0.1 on port 7055 after 45000 ms. Firefox console output:
t@mozilla.org":{"d":"C:\\Program Files (x86)\\Mozilla Firefox\\browser\\features\\e10srollout@mozilla.org.xpi","e":true,"v":"1.2","st":1474876435556},"firefox@getpocket.com":{"d":"C:\\Program Files (x86)\\Mozilla Firefox\\browser\\features\\firefox@getpocket.com.xpi","e":true,"v":"1.0.4","st":1474876435556},"webcompat@mozilla.org":{"d":"C:\\Program Files (x86)\\Mozilla Firefox\\browser\\features\\webcompat@mozilla.org.xpi","e":true,"v":"1.0","st":1474876435966}},"app-global":{"{972ce4c6-7e08-4474-a285-3208198ce6fd}":{"d":"C:\\Program Files (x86)\\Mozilla Firefox\\browser\\extensions\\{972ce4c6-7e08-4474-a285-3208198ce6fd}.xpi","e":true,"v":"49.0.1","st":1474876435566}},"winreg-app-global":{"wrc@avast.com":{"d":"C:\\Program Files\\AVAST Software\\Avast\\WebRep\\FF","e":false,"v":"12.0.88","st":1473415455917,"mt":1473415438267},"sp@avast.com":{"d":"C:\\Program Files\\AVAST Software\\Avast\\SafePrice\\FF","e":false,"v":"10.3.5.39","st":1473415455827,"mt":1473415436557}}}
1476098634220	addons.xpi	DEBUG	No changes found
1476098634254	addons.xpi	DEBUG	Registering manifest for C:\Program Files (x86)\Mozilla Firefox\browser\features\e10srollout@mozilla.org.xpi
1476098634344	addons.xpi	DEBUG	Loading bootstrap scope from C:\Program Files (x86)\Mozilla Firefox\browser\features\e10srollout@mozilla.org.xpi
1476098634388	addons.xpi	DEBUG	Calling bootstrap method startup on e10srollout@mozilla.org version 1.2
1476098634389	addons.xpi	DEBUG	Registering manifest for C:\Program Files (x86)\Mozilla Firefox\browser\features\firefox@getpocket.com.xpi
1476098634480	addons.xpi	DEBUG	Loading bootstrap scope from C:\Program Files (x86)\Mozilla Firefox\browser\features\firefox@getpocket.com.xpi
1476098634487	addons.xpi	DEBUG	Calling bootstrap method startup on firefox@getpocket.com version 1.0.4
1476098634529	addons.xpi-utils	DEBUG	Starting async load of XPI database C:\Users\KUKUSH~1\AppData\Local\Temp\anonymous281076279563816113webdriver-profile\extensions.json
1476098634530	addons.xpi	DEBUG	Registering manifest for C:\Program Files (x86)\Mozilla Firefox\browser\features\webcompat@mozilla.org.xpi
1476098634531	addons.xpi	DEBUG	Loading bootstrap scope from C:\Program Files (x86)\Mozilla Firefox\browser\features\webcompat@mozilla.org.xpi
1476098634534	addons.xpi	DEBUG	Calling bootstrap method startup on webcompat@mozilla.org version 1.0
1476098634537	addons.manager	DEBUG	Registering shutdown blocker for XPIProvider
1476098634537	addons.manager	DEBUG	Provider finished startup: XPIProvider
1476098634537	addons.manager	DEBUG	Starting provider: LightweightThemeManager
1476098634538	addons.manager	DEBUG	Registering shutdown blocker for LightweightThemeManager
1476098634538	addons.manager	DEBUG	Provider finished startup: LightweightThemeManager
1476098634538	addons.manager	DEBUG	Starting provider: GMPProvider
1476098634551	addons.manager	DEBUG	Registering shutdown blocker for GMPProvider
1476098634551	addons.manager	DEBUG	Provider finished startup: GMPProvider
1476098634552	addons.manager	DEBUG	Starting provider: PluginProvider
1476098634552	addons.manager	DEBUG	Registering shutdown blocker for PluginProvider
1476098634553	addons.manager	DEBUG	Provider finished startup: PluginProvider
1476098634554	addons.manager	DEBUG	Completed startup sequence
1476098636987	addons.xpi-utils	DEBUG	Async JSON file read took 0 MS
1476098636987	addons.xpi-utils	DEBUG	Finished async read of XPI database, parsing...
1476098636990	addons.xpi-utils	DEBUG	Successfully read XPI database
1476098637002	addons.manager	DEBUG	Starting provider: <unnamed-provider>
1476098637002	addons.manager	DEBUG	Registering shutdown blocker for <unnamed-provider>
1476098637003	addons.manager	DEBUG	Provider finished startup: <unnamed-provider>
*** Blocklist::_loadBlocklistFromFile: blocklist is disabled
1476098637951	addons.manager	DEBUG	Starting provider: PreviousExperimentProvider
1476098637951	addons.manager	DEBUG	Registering shutdown blocker for PreviousExperimentProvider
1476098637952	addons.manager	DEBUG	Provider finished startup: PreviousExperimentProvider

	at org.openqa.selenium.firefox.internal.NewProfileExtensionConnection.start(NewProfileExtensionConnection.java:118)
	... 36 more
